2020-10-09T16:27:55-0400 [INFO    ] dandi Traversing remote dandisets (000009) recursively
2020-10-09T16:27:55-0400 [INFO    ] backups2datalad.py Updating metadata file
2020-10-09T16:28:05-0400 [INFO    ] backups2datalad.py Syncing asset /sub-anm00229327/sub-anm00229327_ses-20170627T093438_ecephys.nwb
2020-10-09T16:28:05-0400 [WARNING ] backups2datalad.py Asset metadata does not include sha256 hash
2020-10-09T16:28:05-0400 [INFO    ] backups2datalad.py Asset in dataset, hash not available, and size is unchanged; will not update
2020-10-09T16:28:05-0400 [INFO    ] backups2datalad.py Syncing asset /sub-anm00229327/sub-anm00229327_ses-20170627T093442_ecephys.nwb
2020-10-09T16:28:05-0400 [WARNING ] backups2datalad.py Asset metadata does not include sha256 hash
2020-10-09T16:28:06-0400 [INFO    ] backups2datalad.py Asset in dataset, hash not available, and size is unchanged; will not update
2020-10-09T16:28:06-0400 [INFO    ] backups2datalad.py Syncing asset /sub-anm00229327/sub-anm00229327_ses-20170627T093445_ecephys.nwb
2020-10-09T16:28:06-0400 [WARNING ] backups2datalad.py Asset metadata does not include sha256 hash
2020-10-09T16:28:06-0400 [INFO    ] backups2datalad.py Asset in dataset, hash not available, and size is unchanged; will not update
2020-10-09T16:28:06-0400 [INFO    ] backups2datalad.py Syncing asset /sub-anm00229327/sub-anm00229327_ses-20170627T093449_ecephys.nwb
2020-10-09T16:28:06-0400 [WARNING ] backups2datalad.py Asset metadata does not include sha256 hash
2020-10-09T16:28:06-0400 [INFO    ] backups2datalad.py Asset in dataset, hash not available, and size is unchanged; will not update
2020-10-09T16:28:06-0400 [INFO    ] backups2datalad.py Syncing asset /sub-anm00229327/sub-anm00229327_ses-20170627T093452_ecephys.nwb
2020-10-09T16:28:06-0400 [WARNING ] backups2datalad.py Asset metadata does not include sha256 hash
2020-10-09T16:28:07-0400 [INFO    ] backups2datalad.py Asset in dataset, hash not available, and size is unchanged; will not update
2020-10-09T16:28:07-0400 [INFO    ] backups2datalad.py Syncing asset /sub-anm00229329/sub-anm00229329_ses-20170627T093456_ecephys.nwb
2020-10-09T16:28:07-0400 [WARNING ] backups2datalad.py Asset metadata does not include sha256 hash
2020-10-09T16:28:07-0400 [INFO    ] backups2datalad.py Asset in dataset, hash not available, and size is unchanged; will not update
2020-10-09T16:28:07-0400 [INFO    ] backups2datalad.py Syncing asset /sub-anm00229329/sub-anm00229329_ses-20170627T093500_ecephys.nwb
2020-10-09T16:28:07-0400 [WARNING ] backups2datalad.py Asset metadata does not include sha256 hash
2020-10-09T16:28:07-0400 [INFO    ] backups2datalad.py Asset in dataset, hash not available, and size is unchanged; will not update
2020-10-09T16:28:07-0400 [INFO    ] backups2datalad.py Syncing asset /sub-anm00229329/sub-anm00229329_ses-20170627T093506_ecephys.nwb
2020-10-09T16:28:07-0400 [WARNING ] backups2datalad.py Asset metadata does not include sha256 hash
2020-10-09T16:28:07-0400 [INFO    ] backups2datalad.py Asset in dataset, hash not available, and size is unchanged; will not update
2020-10-09T16:28:07-0400 [INFO    ] backups2datalad.py Syncing asset /sub-anm00229329/sub-anm00229329_ses-20170627T093510_ecephys.nwb
2020-10-09T16:28:07-0400 [WARNING ] backups2datalad.py Asset metadata does not include sha256 hash
2020-10-09T16:28:08-0400 [INFO    ] backups2datalad.py Asset in dataset, hash not available, and size is unchanged; will not update
2020-10-09T16:28:08-0400 [INFO    ] backups2datalad.py Syncing asset /sub-anm00234218/sub-anm00234218_ses-20170627T093521_ecephys+ogen.nwb
2020-10-09T16:28:08-0400 [WARNING ] backups2datalad.py Asset metadata does not include sha256 hash
2020-10-09T16:28:08-0400 [INFO    ] backups2datalad.py Asset in dataset, hash not available, and size is unchanged; will not update
2020-10-09T16:28:08-0400 [INFO    ] backups2datalad.py Syncing asset /sub-anm00234218/sub-anm00234218_ses-20170627T093525_ecephys+ogen.nwb
2020-10-09T16:28:08-0400 [WARNING ] backups2datalad.py Asset metadata does not include sha256 hash
2020-10-09T16:28:08-0400 [INFO    ] backups2datalad.py Asset in dataset, hash not available, and size is unchanged; will not update
2020-10-09T16:28:08-0400 [INFO    ] backups2datalad.py Syncing asset /sub-anm00234218/sub-anm00234218_ses-20170627T093528_ecephys+ogen.nwb
2020-10-09T16:28:08-0400 [WARNING ] backups2datalad.py Asset metadata does not include sha256 hash
2020-10-09T16:28:08-0400 [INFO    ] backups2datalad.py Asset in dataset, hash not available, and size is unchanged; will not update
2020-10-09T16:28:08-0400 [INFO    ] backups2datalad.py Syncing asset /sub-anm00234218/sub-anm00234218_ses-20170627T093532_ecephys+ogen.nwb
2020-10-09T16:28:08-0400 [WARNING ] backups2datalad.py Asset metadata does not include sha256 hash
2020-10-09T16:28:09-0400 [INFO    ] backups2datalad.py Asset in dataset, hash not available, and size is unchanged; will not update
2020-10-09T16:28:09-0400 [INFO    ] backups2datalad.py Syncing asset /sub-anm00237800/sub-anm00237800_ses-20170627T093536_ecephys.nwb
2020-10-09T16:28:09-0400 [WARNING ] backups2datalad.py Asset metadata does not include sha256 hash
2020-10-09T16:28:09-0400 [INFO    ] backups2datalad.py Asset in dataset, hash not available, and size is unchanged; will not update
2020-10-09T16:28:09-0400 [INFO    ] backups2datalad.py Syncing asset /sub-anm00237800/sub-anm00237800_ses-20170627T093538_ecephys.nwb
2020-10-09T16:28:09-0400 [WARNING ] backups2datalad.py Asset metadata does not include sha256 hash
2020-10-09T16:28:09-0400 [INFO    ] backups2datalad.py Asset in dataset, hash not available, and size is unchanged; will not update
2020-10-09T16:28:09-0400 [INFO    ] backups2datalad.py Syncing asset /sub-anm00237800/sub-anm00237800_ses-20170627T093540_ecephys.nwb
2020-10-09T16:28:09-0400 [WARNING ] backups2datalad.py Asset metadata does not include sha256 hash
2020-10-09T16:28:10-0400 [INFO    ] backups2datalad.py Asset in dataset, hash not available, and size is unchanged; will not update
2020-10-09T16:28:10-0400 [INFO    ] backups2datalad.py Syncing asset /sub-anm00237800/sub-anm00237800_ses-20170627T093542_ecephys.nwb
2020-10-09T16:28:10-0400 [WARNING ] backups2datalad.py Asset metadata does not include sha256 hash
2020-10-09T16:28:10-0400 [INFO    ] backups2datalad.py Asset in dataset, hash not available, and size is unchanged; will not update
2020-10-09T16:28:10-0400 [INFO    ] backups2datalad.py Syncing asset /sub-anm00237800/sub-anm00237800_ses-20170627T093548_ecephys.nwb
2020-10-09T16:28:10-0400 [WARNING ] backups2datalad.py Asset metadata does not include sha256 hash
2020-10-09T16:28:10-0400 [INFO    ] backups2datalad.py Asset in dataset, hash not available, and size is unchanged; will not update
2020-10-09T16:28:10-0400 [INFO    ] backups2datalad.py Syncing asset /sub-anm00239123/sub-anm00239123_ses-20170627T093549_ecephys+ogen.nwb
2020-10-09T16:28:10-0400 [WARNING ] backups2datalad.py Asset metadata does not include sha256 hash
2020-10-09T16:28:10-0400 [INFO    ] backups2datalad.py Asset in dataset, hash not available, and size is unchanged; will not update
2020-10-09T16:28:11-0400 [INFO    ] backups2datalad.py Syncing asset /sub-anm00239123/sub-anm00239123_ses-20170627T093552_ecephys+ogen.nwb
2020-10-09T16:28:11-0400 [WARNING ] backups2datalad.py Asset metadata does not include sha256 hash
2020-10-09T16:28:11-0400 [INFO    ] backups2datalad.py Asset in dataset, hash not available, and size is unchanged; will not update
2020-10-09T16:28:11-0400 [INFO    ] backups2datalad.py Syncing asset /sub-anm00239123/sub-anm00239123_ses-20170627T093555_ecephys+ogen.nwb
2020-10-09T16:28:11-0400 [WARNING ] backups2datalad.py Asset metadata does not include sha256 hash
2020-10-09T16:28:11-0400 [INFO    ] backups2datalad.py Asset in dataset, hash not available, and size is unchanged; will not update
2020-10-09T16:28:11-0400 [INFO    ] backups2datalad.py Syncing asset /sub-anm00242747/sub-anm00242747_ses-20170627T093605_ecephys.nwb
2020-10-09T16:28:11-0400 [WARNING ] backups2datalad.py Asset metadata does not include sha256 hash
2020-10-09T16:28:11-0400 [INFO    ] backups2datalad.py Asset in dataset, hash not available, and size is unchanged; will not update
2020-10-09T16:28:11-0400 [INFO    ] backups2datalad.py Syncing asset /sub-anm00242747/sub-anm00242747_ses-20170627T093609_ecephys.nwb
2020-10-09T16:28:11-0400 [WARNING ] backups2datalad.py Asset metadata does not include sha256 hash
2020-10-09T16:28:12-0400 [INFO    ] backups2datalad.py Asset in dataset, hash not available, and size is unchanged; will not update
2020-10-09T16:28:12-0400 [INFO    ] backups2datalad.py Syncing asset /sub-anm00242747/sub-anm00242747_ses-20170627T093613_ecephys.nwb
2020-10-09T16:28:12-0400 [WARNING ] backups2datalad.py Asset metadata does not include sha256 hash
2020-10-09T16:28:12-0400 [INFO    ] backups2datalad.py Asset in dataset, hash not available, and size is unchanged; will not update
2020-10-09T16:28:12-0400 [INFO    ] backups2datalad.py Syncing asset /sub-anm00242747/sub-anm00242747_ses-20170627T093614_ecephys.nwb
2020-10-09T16:28:12-0400 [WARNING ] backups2datalad.py Asset metadata does not include sha256 hash
2020-10-09T16:28:12-0400 [INFO    ] backups2datalad.py Asset in dataset, hash not available, and size is unchanged; will not update
2020-10-09T16:28:12-0400 [INFO    ] backups2datalad.py Syncing asset /sub-anm00242747/sub-anm00242747_ses-20170627T093618_ecephys.nwb
2020-10-09T16:28:12-0400 [WARNING ] backups2datalad.py Asset metadata does not include sha256 hash
2020-10-09T16:28:12-0400 [INFO    ] backups2datalad.py Asset in dataset, hash not available, and size is unchanged; will not update
2020-10-09T16:28:12-0400 [INFO    ] backups2datalad.py Syncing asset /sub-anm00242747/sub-anm00242747_ses-20170627T093620_ecephys.nwb
2020-10-09T16:28:12-0400 [WARNING ] backups2datalad.py Asset metadata does not include sha256 hash
2020-10-09T16:28:13-0400 [INFO    ] backups2datalad.py Asset in dataset, hash not available, and size is unchanged; will not update
2020-10-09T16:28:13-0400 [INFO    ] backups2datalad.py Syncing asset /sub-anm00242747/sub-anm00242747_ses-20170627T093622_ecephys.nwb
2020-10-09T16:28:13-0400 [WARNING ] backups2datalad.py Asset metadata does not include sha256 hash
2020-10-09T16:28:13-0400 [INFO    ] backups2datalad.py Asset in dataset, hash not available, and size is unchanged; will not update
2020-10-09T16:28:13-0400 [INFO    ] backups2datalad.py Syncing asset /sub-anm00260487/sub-anm00260487_ses-20170627T093624_ecephys+ogen.nwb
2020-10-09T16:28:13-0400 [WARNING ] backups2datalad.py Asset metadata does not include sha256 hash
2020-10-09T16:28:13-0400 [INFO    ] backups2datalad.py Asset in dataset, hash not available, and size is unchanged; will not update
2020-10-09T16:28:13-0400 [INFO    ] backups2datalad.py Syncing asset /sub-anm00260487/sub-anm00260487_ses-20170627T093627_ecephys+ogen.nwb
2020-10-09T16:28:13-0400 [WARNING ] backups2datalad.py Asset metadata does not include sha256 hash
2020-10-09T16:28:13-0400 [INFO    ] backups2datalad.py Asset in dataset, hash not available, and size is unchanged; will not update
2020-10-09T16:28:13-0400 [INFO    ] backups2datalad.py Syncing asset /sub-anm00260487/sub-anm00260487_ses-20170627T093629_ecephys+ogen.nwb
2020-10-09T16:28:13-0400 [WARNING ] backups2datalad.py Asset metadata does not include sha256 hash
2020-10-09T16:28:14-0400 [INFO    ] backups2datalad.py Asset in dataset, hash not available, and size is unchanged; will not update
2020-10-09T16:28:14-0400 [INFO    ] backups2datalad.py Syncing asset /sub-anm00260487/sub-anm00260487_ses-20170627T093632_ecephys+ogen.nwb
2020-10-09T16:28:14-0400 [WARNING ] backups2datalad.py Asset metadata does not include sha256 hash
2020-10-09T16:28:14-0400 [INFO    ] backups2datalad.py Asset in dataset, hash not available, and size is unchanged; will not update
2020-10-09T16:28:14-0400 [INFO    ] backups2datalad.py Syncing asset /sub-anm00260487/sub-anm00260487_ses-20170627T093634_ecephys+ogen.nwb
2020-10-09T16:28:14-0400 [WARNING ] backups2datalad.py Asset metadata does not include sha256 hash
2020-10-09T16:28:14-0400 [INFO    ] backups2datalad.py Asset in dataset, hash not available, and size is unchanged; will not update
2020-10-09T16:28:14-0400 [INFO    ] backups2datalad.py Syncing asset /sub-anm00260487/sub-anm00260487_ses-20170627T093637_ecephys+ogen.nwb
2020-10-09T16:28:14-0400 [WARNING ] backups2datalad.py Asset metadata does not include sha256 hash
2020-10-09T16:28:15-0400 [INFO    ] backups2datalad.py Asset in dataset, hash not available, and size is unchanged; will not update
2020-10-09T16:28:15-0400 [INFO    ] backups2datalad.py Syncing asset /sub-anm00260487/sub-anm00260487_ses-20170627T093639_ecephys+ogen.nwb
2020-10-09T16:28:15-0400 [WARNING ] backups2datalad.py Asset metadata does not include sha256 hash
2020-10-09T16:28:15-0400 [INFO    ] backups2datalad.py Asset in dataset, hash not available, and size is unchanged; will not update
2020-10-09T16:28:15-0400 [INFO    ] backups2datalad.py Syncing asset /sub-anm00260487/sub-anm00260487_ses-20170627T093642_ecephys+ogen.nwb
2020-10-09T16:28:15-0400 [WARNING ] backups2datalad.py Asset metadata does not include sha256 hash
2020-10-09T16:28:15-0400 [INFO    ] backups2datalad.py Asset in dataset, hash not available, and size is unchanged; will not update
2020-10-09T16:28:15-0400 [INFO    ] backups2datalad.py Syncing asset /sub-anm00260487/sub-anm00260487_ses-20170627T093646_ecephys+ogen.nwb
2020-10-09T16:28:15-0400 [WARNING ] backups2datalad.py Asset metadata does not include sha256 hash
2020-10-09T16:28:15-0400 [INFO    ] backups2datalad.py Asset in dataset, hash not available, and size is unchanged; will not update
2020-10-09T16:28:15-0400 [INFO    ] backups2datalad.py Syncing asset /sub-anm00260487/sub-anm00260487_ses-20170627T093648_ecephys+ogen.nwb
2020-10-09T16:28:15-0400 [WARNING ] backups2datalad.py Asset metadata does not include sha256 hash
2020-10-09T16:28:16-0400 [INFO    ] backups2datalad.py Asset in dataset, hash not available, and size is unchanged; will not update
2020-10-09T16:28:16-0400 [INFO    ] backups2datalad.py Syncing asset /sub-anm00260487/sub-anm00260487_ses-20170627T093650_ecephys+ogen.nwb
2020-10-09T16:28:16-0400 [WARNING ] backups2datalad.py Asset metadata does not include sha256 hash
2020-10-09T16:28:16-0400 [INFO    ] backups2datalad.py Asset in dataset, hash not available, and size is unchanged; will not update
2020-10-09T16:28:16-0400 [INFO    ] backups2datalad.py Syncing asset /sub-anm00260488/sub-anm00260488_ses-20170627T093653_ecephys+ogen.nwb
2020-10-09T16:28:16-0400 [WARNING ] backups2datalad.py Asset metadata does not include sha256 hash
2020-10-09T16:28:16-0400 [INFO    ] backups2datalad.py Asset in dataset, hash not available, and size is unchanged; will not update
2020-10-09T16:28:16-0400 [INFO    ] backups2datalad.py Syncing asset /sub-anm00260488/sub-anm00260488_ses-20170627T093655_ecephys+ogen.nwb
2020-10-09T16:28:16-0400 [WARNING ] backups2datalad.py Asset metadata does not include sha256 hash
2020-10-09T16:28:16-0400 [INFO    ] backups2datalad.py Asset in dataset, hash not available, and size is unchanged; will not update
2020-10-09T16:28:16-0400 [INFO    ] backups2datalad.py Syncing asset /sub-anm00260488/sub-anm00260488_ses-20170627T093657_ecephys+ogen.nwb
2020-10-09T16:28:16-0400 [WARNING ] backups2datalad.py Asset metadata does not include sha256 hash
2020-10-09T16:28:17-0400 [INFO    ] backups2datalad.py Asset in dataset, hash not available, and size is unchanged; will not update
2020-10-09T16:28:17-0400 [INFO    ] backups2datalad.py Syncing asset /sub-anm00260488/sub-anm00260488_ses-20170627T093701_ecephys+ogen.nwb
2020-10-09T16:28:17-0400 [WARNING ] backups2datalad.py Asset metadata does not include sha256 hash
2020-10-09T16:28:17-0400 [INFO    ] backups2datalad.py Asset in dataset, hash not available, and size is unchanged; will not update
2020-10-09T16:28:17-0400 [INFO    ] backups2datalad.py Syncing asset /sub-anm00260488/sub-anm00260488_ses-20170627T093707_ecephys+ogen.nwb
2020-10-09T16:28:17-0400 [WARNING ] backups2datalad.py Asset metadata does not include sha256 hash
2020-10-09T16:28:17-0400 [INFO    ] backups2datalad.py Asset in dataset, hash not available, and size is unchanged; will not update
2020-10-09T16:28:17-0400 [INFO    ] backups2datalad.py Syncing asset /sub-anm00260488/sub-anm00260488_ses-20170627T093710_ecephys+ogen.nwb
2020-10-09T16:28:17-0400 [WARNING ] backups2datalad.py Asset metadata does not include sha256 hash
2020-10-09T16:28:18-0400 [INFO    ] backups2datalad.py Asset in dataset, hash not available, and size is unchanged; will not update
2020-10-09T16:28:18-0400 [INFO    ] backups2datalad.py Syncing asset /sub-anm00260490/sub-anm00260490_ses-20170627T093714_ecephys+ogen.nwb
2020-10-09T16:28:18-0400 [WARNING ] backups2datalad.py Asset metadata does not include sha256 hash
2020-10-09T16:28:18-0400 [INFO    ] backups2datalad.py Asset in dataset, hash not available, and size is unchanged; will not update
2020-10-09T16:28:18-0400 [INFO    ] backups2datalad.py Syncing asset /sub-anm00260490/sub-anm00260490_ses-20170627T093716_ecephys+ogen.nwb
2020-10-09T16:28:18-0400 [WARNING ] backups2datalad.py Asset metadata does not include sha256 hash
2020-10-09T16:28:18-0400 [INFO    ] backups2datalad.py Asset in dataset, hash not available, and size is unchanged; will not update
2020-10-09T16:28:18-0400 [INFO    ] backups2datalad.py Syncing asset /sub-anm00260490/sub-anm00260490_ses-20170627T093718_ecephys+ogen.nwb
2020-10-09T16:28:18-0400 [WARNING ] backups2datalad.py Asset metadata does not include sha256 hash
2020-10-09T16:28:18-0400 [INFO    ] backups2datalad.py Asset in dataset, hash not available, and size is unchanged; will not update
2020-10-09T16:28:18-0400 [INFO    ] backups2datalad.py Syncing asset /sub-anm00260490/sub-anm00260490_ses-20170627T093723_ecephys+ogen.nwb
2020-10-09T16:28:18-0400 [WARNING ] backups2datalad.py Asset metadata does not include sha256 hash
2020-10-09T16:28:19-0400 [INFO    ] backups2datalad.py Asset in dataset, hash not available, and size is unchanged; will not update
2020-10-09T16:28:19-0400 [INFO    ] backups2datalad.py Syncing asset /sub-anm00260490/sub-anm00260490_ses-20170627T093725_ecephys+ogen.nwb
2020-10-09T16:28:19-0400 [WARNING ] backups2datalad.py Asset metadata does not include sha256 hash
2020-10-09T16:28:19-0400 [INFO    ] backups2datalad.py Asset in dataset, hash not available, and size is unchanged; will not update
2020-10-09T16:28:19-0400 [INFO    ] backups2datalad.py Syncing asset /sub-anm00260490/sub-anm00260490_ses-20170627T093727_ecephys+ogen.nwb
2020-10-09T16:28:19-0400 [WARNING ] backups2datalad.py Asset metadata does not include sha256 hash
2020-10-09T16:28:19-0400 [INFO    ] backups2datalad.py Asset in dataset, hash not available, and size is unchanged; will not update
2020-10-09T16:28:19-0400 [INFO    ] backups2datalad.py Syncing asset /sub-anm00260490/sub-anm00260490_ses-20170627T093729_ecephys+ogen.nwb
2020-10-09T16:28:19-0400 [WARNING ] backups2datalad.py Asset metadata does not include sha256 hash
2020-10-09T16:28:20-0400 [INFO    ] backups2datalad.py Asset in dataset, hash not available, and size is unchanged; will not update
2020-10-09T16:28:20-0400 [INFO    ] backups2datalad.py Syncing asset /sub-anm00260491/sub-anm00260491_ses-20170627T093731_ecephys+ogen.nwb
2020-10-09T16:28:20-0400 [WARNING ] backups2datalad.py Asset metadata does not include sha256 hash
2020-10-09T16:28:20-0400 [INFO    ] backups2datalad.py Asset in dataset, hash not available, and size is unchanged; will not update
2020-10-09T16:28:20-0400 [INFO    ] backups2datalad.py Syncing asset /sub-anm00260491/sub-anm00260491_ses-20170627T093734_ecephys+ogen.nwb
2020-10-09T16:28:20-0400 [WARNING ] backups2datalad.py Asset metadata does not include sha256 hash
2020-10-09T16:28:20-0400 [INFO    ] backups2datalad.py Asset in dataset, hash not available, and size is unchanged; will not update
2020-10-09T16:28:20-0400 [INFO    ] backups2datalad.py Syncing asset /sub-anm00260491/sub-anm00260491_ses-20170627T093744_ecephys+ogen.nwb
2020-10-09T16:28:20-0400 [WARNING ] backups2datalad.py Asset metadata does not include sha256 hash
2020-10-09T16:28:20-0400 [INFO    ] backups2datalad.py Asset in dataset, hash not available, and size is unchanged; will not update
2020-10-09T16:28:20-0400 [INFO    ] backups2datalad.py Syncing asset /sub-anm00261334/sub-anm00261334_ses-20170627T093747_ecephys+ogen.nwb
2020-10-09T16:28:20-0400 [WARNING ] backups2datalad.py Asset metadata does not include sha256 hash
2020-10-09T16:28:21-0400 [INFO    ] backups2datalad.py Asset in dataset, hash not available, and size is unchanged; will not update
2020-10-09T16:28:21-0400 [INFO    ] backups2datalad.py Syncing asset /sub-anm00261334/sub-anm00261334_ses-20170627T093751_ecephys+ogen.nwb
2020-10-09T16:28:21-0400 [WARNING ] backups2datalad.py Asset metadata does not include sha256 hash
2020-10-09T16:28:21-0400 [INFO    ] backups2datalad.py Asset in dataset, hash not available, and size is unchanged; will not update
2020-10-09T16:28:21-0400 [INFO    ] backups2datalad.py Syncing asset /sub-anm00261334/sub-anm00261334_ses-20170627T093755_ecephys+ogen.nwb
2020-10-09T16:28:21-0400 [WARNING ] backups2datalad.py Asset metadata does not include sha256 hash
2020-10-09T16:28:21-0400 [INFO    ] backups2datalad.py Asset in dataset, hash not available, and size is unchanged; will not update
2020-10-09T16:28:21-0400 [INFO    ] backups2datalad.py Syncing asset /sub-anm00261334/sub-anm00261334_ses-20170627T093757_ecephys+ogen.nwb
2020-10-09T16:28:21-0400 [WARNING ] backups2datalad.py Asset metadata does not include sha256 hash
2020-10-09T16:28:22-0400 [INFO    ] backups2datalad.py Asset in dataset, hash not available, and size is unchanged; will not update
2020-10-09T16:28:22-0400 [INFO    ] backups2datalad.py Syncing asset /sub-anm00261334/sub-anm00261334_ses-20170627T093801_ecephys+ogen.nwb
2020-10-09T16:28:22-0400 [WARNING ] backups2datalad.py Asset metadata does not include sha256 hash
2020-10-09T16:28:22-0400 [INFO    ] backups2datalad.py Asset in dataset, hash not available, and size is unchanged; will not update
2020-10-09T16:28:22-0400 [INFO    ] backups2datalad.py Syncing asset /sub-anm00261335/sub-anm00261335_ses-20170627T093811_ecephys+ogen.nwb
2020-10-09T16:28:22-0400 [WARNING ] backups2datalad.py Asset metadata does not include sha256 hash
2020-10-09T16:28:22-0400 [INFO    ] backups2datalad.py Asset in dataset, hash not available, and size is unchanged; will not update
2020-10-09T16:28:22-0400 [INFO    ] backups2datalad.py Syncing asset /sub-anm00261335/sub-anm00261335_ses-20170627T093819_ecephys+ogen.nwb
2020-10-09T16:28:22-0400 [WARNING ] backups2datalad.py Asset metadata does not include sha256 hash
2020-10-09T16:28:22-0400 [INFO    ] backups2datalad.py Asset in dataset, hash not available, and size is unchanged; will not update
2020-10-09T16:28:22-0400 [INFO    ] backups2datalad.py Syncing asset /sub-anm00261335/sub-anm00261335_ses-20170627T093823_ecephys+ogen.nwb
2020-10-09T16:28:22-0400 [WARNING ] backups2datalad.py Asset metadata does not include sha256 hash
2020-10-09T16:28:23-0400 [INFO    ] backups2datalad.py Asset in dataset, hash not available, and size is unchanged; will not update
2020-10-09T16:28:23-0400 [INFO    ] backups2datalad.py Syncing asset /sub-anm00261335/sub-anm00261335_ses-20170627T093829_ecephys+ogen.nwb
2020-10-09T16:28:23-0400 [WARNING ] backups2datalad.py Asset metadata does not include sha256 hash
2020-10-09T16:28:23-0400 [INFO    ] backups2datalad.py Asset in dataset, hash not available, and size is unchanged; will not update
2020-10-09T16:28:23-0400 [INFO    ] backups2datalad.py Syncing asset /sub-anm00261335/sub-anm00261335_ses-20170627T093839_ecephys+ogen.nwb
2020-10-09T16:28:23-0400 [WARNING ] backups2datalad.py Asset metadata does not include sha256 hash
2020-10-09T16:28:23-0400 [INFO    ] backups2datalad.py Asset in dataset, hash not available, and size is unchanged; will not update
2020-10-09T16:28:23-0400 [INFO    ] backups2datalad.py Syncing asset /sub-anm00261335/sub-anm00261335_ses-20170627T093841_ecephys+ogen.nwb
2020-10-09T16:28:23-0400 [WARNING ] backups2datalad.py Asset metadata does not include sha256 hash
2020-10-09T16:28:24-0400 [INFO    ] backups2datalad.py Asset in dataset, hash not available, and size is unchanged; will not update
2020-10-09T16:28:24-0400 [INFO    ] backups2datalad.py Syncing asset /sub-anm00261335/sub-anm00261335_ses-20170627T093844_ecephys+ogen.nwb
2020-10-09T16:28:24-0400 [WARNING ] backups2datalad.py Asset metadata does not include sha256 hash
2020-10-09T16:28:24-0400 [INFO    ] backups2datalad.py Asset in dataset, hash not available, and size is unchanged; will not update
2020-10-09T16:28:24-0400 [INFO    ] backups2datalad.py Syncing asset /sub-anm00261335/sub-anm00261335_ses-20170627T093854_ecephys+ogen.nwb
2020-10-09T16:28:24-0400 [WARNING ] backups2datalad.py Asset metadata does not include sha256 hash
2020-10-09T16:28:24-0400 [INFO    ] backups2datalad.py Asset in dataset, hash not available, and size is unchanged; will not update
2020-10-09T16:28:24-0400 [INFO    ] backups2datalad.py Syncing asset /sub-anm00261335/sub-anm00261335_ses-20170627T093858_ecephys+ogen.nwb
2020-10-09T16:28:24-0400 [WARNING ] backups2datalad.py Asset metadata does not include sha256 hash
2020-10-09T16:28:24-0400 [INFO    ] backups2datalad.py Asset in dataset, hash not available, and size is unchanged; will not update
2020-10-09T16:28:24-0400 [INFO    ] backups2datalad.py Syncing asset /sub-anm00261336/sub-anm00261336_ses-20170627T093903_ecephys+ogen.nwb
2020-10-09T16:28:24-0400 [WARNING ] backups2datalad.py Asset metadata does not include sha256 hash
2020-10-09T16:28:25-0400 [INFO    ] backups2datalad.py Asset in dataset, hash not available, and size is unchanged; will not update
2020-10-09T16:28:25-0400 [INFO    ] backups2datalad.py Syncing asset /sub-anm00261336/sub-anm00261336_ses-20170627T093909_ecephys+ogen.nwb
2020-10-09T16:28:25-0400 [WARNING ] backups2datalad.py Asset metadata does not include sha256 hash
2020-10-09T16:28:25-0400 [INFO    ] backups2datalad.py Asset in dataset, hash not available, and size is unchanged; will not update
2020-10-09T16:28:25-0400 [INFO    ] backups2datalad.py Syncing asset /sub-anm00261336/sub-anm00261336_ses-20170627T093926_ecephys+ogen.nwb
2020-10-09T16:28:25-0400 [WARNING ] backups2datalad.py Asset metadata does not include sha256 hash
2020-10-09T16:28:25-0400 [INFO    ] backups2datalad.py Asset in dataset, hash not available, and size is unchanged; will not update
2020-10-09T16:28:25-0400 [INFO    ] backups2datalad.py Syncing asset /sub-anm00261336/sub-anm00261336_ses-20170627T093934_ecephys+ogen.nwb
2020-10-09T16:28:25-0400 [WARNING ] backups2datalad.py Asset metadata does not include sha256 hash
2020-10-09T16:28:26-0400 [INFO    ] backups2datalad.py Asset in dataset, hash not available, and size is unchanged; will not update
2020-10-09T16:28:26-0400 [INFO    ] backups2datalad.py Syncing asset /sub-anm00261336/sub-anm00261336_ses-20170627T093938_ecephys+ogen.nwb
2020-10-09T16:28:26-0400 [WARNING ] backups2datalad.py Asset metadata does not include sha256 hash
2020-10-09T16:28:26-0400 [INFO    ] backups2datalad.py Asset in dataset, hash not available, and size is unchanged; will not update
2020-10-09T16:28:26-0400 [INFO    ] backups2datalad.py Syncing asset /sub-anm00261336/sub-anm00261336_ses-20170627T093946_ecephys+ogen.nwb
2020-10-09T16:28:26-0400 [WARNING ] backups2datalad.py Asset metadata does not include sha256 hash
2020-10-09T16:28:26-0400 [INFO    ] backups2datalad.py Asset in dataset, hash not available, and size is unchanged; will not update
2020-10-09T16:28:26-0400 [INFO    ] backups2datalad.py Syncing asset /sub-anm00264941/sub-anm00264941_ses-20170627T093958_ecephys+ogen.nwb
2020-10-09T16:28:26-0400 [WARNING ] backups2datalad.py Asset metadata does not include sha256 hash
2020-10-09T16:28:27-0400 [INFO    ] backups2datalad.py Asset in dataset, hash not available, and size is unchanged; will not update
2020-10-09T16:28:27-0400 [INFO    ] backups2datalad.py Syncing asset /sub-anm00264942/sub-anm00264942_ses-20170627T094001_ecephys+ogen.nwb
2020-10-09T16:28:27-0400 [WARNING ] backups2datalad.py Asset metadata does not include sha256 hash
2020-10-09T16:28:27-0400 [INFO    ] backups2datalad.py Asset in dataset, hash not available, and size is unchanged; will not update
2020-10-09T16:28:27-0400 [INFO    ] backups2datalad.py Syncing asset /sub-anm00264942/sub-anm00264942_ses-20170627T094004_ecephys+ogen.nwb
2020-10-09T16:28:27-0400 [WARNING ] backups2datalad.py Asset metadata does not include sha256 hash
2020-10-09T16:28:27-0400 [INFO    ] backups2datalad.py Asset in dataset, hash not available, and size is unchanged; will not update
2020-10-09T16:28:27-0400 [INFO    ] backups2datalad.py Syncing asset /sub-anm00264942/sub-anm00264942_ses-20170627T094005_ecephys+ogen.nwb
2020-10-09T16:28:27-0400 [WARNING ] backups2datalad.py Asset metadata does not include sha256 hash
2020-10-09T16:28:27-0400 [INFO    ] backups2datalad.py Asset in dataset, hash not available, and size is unchanged; will not update
2020-10-09T16:28:27-0400 [INFO    ] backups2datalad.py Syncing asset /sub-anm00264942/sub-anm00264942_ses-20170627T094007_ecephys+ogen.nwb
2020-10-09T16:28:27-0400 [WARNING ] backups2datalad.py Asset metadata does not include sha256 hash
2020-10-09T16:28:28-0400 [INFO    ] backups2datalad.py Asset in dataset, hash not available, and size is unchanged; will not update
2020-10-09T16:28:28-0400 [INFO    ] backups2datalad.py Syncing asset /sub-anm00264942/sub-anm00264942_ses-20170627T094011_ecephys+ogen.nwb
2020-10-09T16:28:28-0400 [WARNING ] backups2datalad.py Asset metadata does not include sha256 hash
2020-10-09T16:28:28-0400 [INFO    ] backups2datalad.py Asset in dataset, hash not available, and size is unchanged; will not update
2020-10-09T16:28:28-0400 [INFO    ] backups2datalad.py Syncing asset /sub-anm00264942/sub-anm00264942_ses-20170627T094013_ecephys+ogen.nwb
2020-10-09T16:28:28-0400 [WARNING ] backups2datalad.py Asset metadata does not include sha256 hash
2020-10-09T16:28:28-0400 [INFO    ] backups2datalad.py Asset in dataset, hash not available, and size is unchanged; will not update
2020-10-09T16:28:28-0400 [INFO    ] backups2datalad.py Syncing asset /sub-anm00264943/sub-anm00264943_ses-20170627T094016_ecephys+ogen.nwb
2020-10-09T16:28:28-0400 [WARNING ] backups2datalad.py Asset metadata does not include sha256 hash
2020-10-09T16:28:29-0400 [INFO    ] backups2datalad.py Asset in dataset, hash not available, and size is unchanged; will not update
2020-10-09T16:28:29-0400 [INFO    ] backups2datalad.py Syncing asset /sub-anm00264943/sub-anm00264943_ses-20170627T094019_ecephys+ogen.nwb
2020-10-09T16:28:29-0400 [WARNING ] backups2datalad.py Asset metadata does not include sha256 hash
2020-10-09T16:28:29-0400 [INFO    ] backups2datalad.py Asset in dataset, hash not available, and size is unchanged; will not update
2020-10-09T16:28:29-0400 [INFO    ] backups2datalad.py Syncing asset /sub-anm00264943/sub-anm00264943_ses-20170627T094028_ecephys+ogen.nwb
2020-10-09T16:28:29-0400 [WARNING ] backups2datalad.py Asset metadata does not include sha256 hash
2020-10-09T16:28:29-0400 [INFO    ] backups2datalad.py Asset in dataset, hash not available, and size is unchanged; will not update
2020-10-09T16:28:29-0400 [INFO    ] backups2datalad.py Syncing asset /sub-anm00264943/sub-anm00264943_ses-20170627T094033_ecephys+ogen.nwb
2020-10-09T16:28:29-0400 [WARNING ] backups2datalad.py Asset metadata does not include sha256 hash
2020-10-09T16:28:30-0400 [INFO    ] backups2datalad.py Asset in dataset, hash not available, and size is unchanged; will not update
2020-10-09T16:28:30-0400 [INFO    ] backups2datalad.py Syncing asset /sub-anm00264943/sub-anm00264943_ses-20170627T094037_ecephys+ogen.nwb
2020-10-09T16:28:30-0400 [WARNING ] backups2datalad.py Asset metadata does not include sha256 hash
2020-10-09T16:28:30-0400 [INFO    ] backups2datalad.py Asset in dataset, hash not available, and size is unchanged; will not update
2020-10-09T16:28:30-0400 [INFO    ] backups2datalad.py Syncing asset /sub-anm00264943/sub-anm00264943_ses-20170627T094041_ecephys+ogen.nwb
2020-10-09T16:28:30-0400 [WARNING ] backups2datalad.py Asset metadata does not include sha256 hash
2020-10-09T16:28:30-0400 [INFO    ] backups2datalad.py Asset in dataset, hash not available, and size is unchanged; will not update
2020-10-09T16:28:30-0400 [INFO    ] backups2datalad.py Syncing asset /sub-anm00264943/sub-anm00264943_ses-20170627T094049_ecephys+ogen.nwb
2020-10-09T16:28:30-0400 [WARNING ] backups2datalad.py Asset metadata does not include sha256 hash
2020-10-09T16:28:30-0400 [INFO    ] backups2datalad.py Asset in dataset, hash not available, and size is unchanged; will not update
2020-10-09T16:28:30-0400 [INFO    ] backups2datalad.py Syncing asset /sub-anm00264943/sub-anm00264943_ses-20170627T094051_ecephys+ogen.nwb
2020-10-09T16:28:30-0400 [WARNING ] backups2datalad.py Asset metadata does not include sha256 hash
2020-10-09T16:28:31-0400 [INFO    ] backups2datalad.py Asset in dataset, hash not available, and size is unchanged; will not update
2020-10-09T16:28:31-0400 [INFO    ] backups2datalad.py Syncing asset /sub-anm00264943/sub-anm00264943_ses-20170627T094054_ecephys+ogen.nwb
2020-10-09T16:28:31-0400 [WARNING ] backups2datalad.py Asset metadata does not include sha256 hash
2020-10-09T16:28:31-0400 [INFO    ] backups2datalad.py Asset in dataset, hash not available, and size is unchanged; will not update
2020-10-09T16:28:31-0400 [INFO    ] backups2datalad.py Syncing asset /sub-anm00264943/sub-anm00264943_ses-20170627T094056_ecephys+ogen.nwb
2020-10-09T16:28:31-0400 [WARNING ] backups2datalad.py Asset metadata does not include sha256 hash
2020-10-09T16:28:31-0400 [INFO    ] backups2datalad.py Asset in dataset, hash not available, and size is unchanged; will not update
2020-10-09T16:28:31-0400 [INFO    ] backups2datalad.py Syncing asset /sub-anm00264943/sub-anm00264943_ses-20170627T094100_ecephys+ogen.nwb
2020-10-09T16:28:31-0400 [WARNING ] backups2datalad.py Asset metadata does not include sha256 hash
2020-10-09T16:28:32-0400 [INFO    ] backups2datalad.py Asset in dataset, hash not available, and size is unchanged; will not update
2020-10-09T16:28:32-0400 [INFO    ] backups2datalad.py Syncing asset /sub-anm00264944/sub-anm00264944_ses-20170627T094102_ecephys+ogen.nwb
2020-10-09T16:28:32-0400 [WARNING ] backups2datalad.py Asset metadata does not include sha256 hash
2020-10-09T16:28:32-0400 [INFO    ] backups2datalad.py Asset in dataset, hash not available, and size is unchanged; will not update
2020-10-09T16:28:32-0400 [INFO    ] backups2datalad.py Syncing asset /sub-anm00264944/sub-anm00264944_ses-20170627T094106_ecephys+ogen.nwb
2020-10-09T16:28:32-0400 [WARNING ] backups2datalad.py Asset metadata does not include sha256 hash
2020-10-09T16:28:32-0400 [INFO    ] backups2datalad.py Asset in dataset, hash not available, and size is unchanged; will not update
2020-10-09T16:28:32-0400 [INFO    ] backups2datalad.py Syncing asset /sub-anm00264944/sub-anm00264944_ses-20170627T094108_ecephys+ogen.nwb
2020-10-09T16:28:32-0400 [WARNING ] backups2datalad.py Asset metadata does not include sha256 hash
2020-10-09T16:28:32-0400 [INFO    ] backups2datalad.py Asset in dataset, hash not available, and size is unchanged; will not update
2020-10-09T16:28:32-0400 [INFO    ] backups2datalad.py Syncing asset /sub-anm00264944/sub-anm00264944_ses-20170627T094111_ecephys+ogen.nwb
2020-10-09T16:28:32-0400 [WARNING ] backups2datalad.py Asset metadata does not include sha256 hash
2020-10-09T16:28:33-0400 [INFO    ] backups2datalad.py Asset in dataset, hash not available, and size is unchanged; will not update
2020-10-09T16:28:33-0400 [INFO    ] backups2datalad.py Syncing asset /sub-anm00264944/sub-anm00264944_ses-20170627T094119_ecephys+ogen.nwb
2020-10-09T16:28:33-0400 [WARNING ] backups2datalad.py Asset metadata does not include sha256 hash
2020-10-09T16:28:33-0400 [INFO    ] backups2datalad.py Asset in dataset, hash not available, and size is unchanged; will not update
2020-10-09T16:28:33-0400 [INFO    ] backups2datalad.py Syncing asset /sub-anm00267975/sub-anm00267975_ses-20170627T094121_ecephys+ogen.nwb
2020-10-09T16:28:33-0400 [WARNING ] backups2datalad.py Asset metadata does not include sha256 hash
2020-10-09T16:28:33-0400 [INFO    ] backups2datalad.py Asset in dataset, hash not available, and size is unchanged; will not update
2020-10-09T16:28:33-0400 [INFO    ] backups2datalad.py Syncing asset /sub-anm00267975/sub-anm00267975_ses-20170627T094123_ecephys+ogen.nwb
2020-10-09T16:28:33-0400 [WARNING ] backups2datalad.py Asset metadata does not include sha256 hash
2020-10-09T16:28:33-0400 [INFO    ] backups2datalad.py Asset in dataset, hash not available, and size is unchanged; will not update
2020-10-09T16:28:33-0400 [INFO    ] backups2datalad.py Syncing asset /sub-anm00267975/sub-anm00267975_ses-20170627T094125_ecephys+ogen.nwb
2020-10-09T16:28:33-0400 [WARNING ] backups2datalad.py Asset metadata does not include sha256 hash
2020-10-09T16:28:34-0400 [INFO    ] backups2datalad.py Asset in dataset, hash not available, and size is unchanged; will not update
2020-10-09T16:28:34-0400 [INFO    ] backups2datalad.py Syncing asset /sub-anm00267975/sub-anm00267975_ses-20170627T094128_ecephys+ogen.nwb
2020-10-09T16:28:34-0400 [WARNING ] backups2datalad.py Asset metadata does not include sha256 hash
2020-10-09T16:28:34-0400 [INFO    ] backups2datalad.py Asset in dataset, hash not available, and size is unchanged; will not update
2020-10-09T16:28:34-0400 [INFO    ] backups2datalad.py Syncing asset /sub-anm00267975/sub-anm00267975_ses-20170627T094130_ecephys+ogen.nwb
2020-10-09T16:28:34-0400 [WARNING ] backups2datalad.py Asset metadata does not include sha256 hash
2020-10-09T16:28:34-0400 [INFO    ] backups2datalad.py Asset in dataset, hash not available, and size is unchanged; will not update
2020-10-09T16:28:34-0400 [INFO    ] backups2datalad.py Syncing asset /sub-anm00267975/sub-anm00267975_ses-20170627T094132_ecephys+ogen.nwb
2020-10-09T16:28:34-0400 [WARNING ] backups2datalad.py Asset metadata does not include sha256 hash
2020-10-09T16:28:35-0400 [INFO    ] backups2datalad.py Asset in dataset, hash not available, and size is unchanged; will not update
2020-10-09T16:28:35-0400 [INFO    ] backups2datalad.py Syncing asset /sub-anm00279338/sub-anm00279338_ses-20170627T094133_ecephys+ogen.nwb
2020-10-09T16:28:35-0400 [WARNING ] backups2datalad.py Asset metadata does not include sha256 hash
2020-10-09T16:28:35-0400 [INFO    ] backups2datalad.py Asset in dataset, hash not available, and size is unchanged; will not update
2020-10-09T16:28:35-0400 [INFO    ] backups2datalad.py Syncing asset /sub-anm00279338/sub-anm00279338_ses-20170627T094137_ecephys+ogen.nwb
2020-10-09T16:28:35-0400 [WARNING ] backups2datalad.py Asset metadata does not include sha256 hash
2020-10-09T16:28:35-0400 [INFO    ] backups2datalad.py Asset in dataset, hash not available, and size is unchanged; will not update
2020-10-09T16:28:35-0400 [INFO    ] backups2datalad.py Syncing asset /sub-anm00279338/sub-anm00279338_ses-20170627T094139_ecephys+ogen.nwb
2020-10-09T16:28:35-0400 [WARNING ] backups2datalad.py Asset metadata does not include sha256 hash
2020-10-09T16:28:35-0400 [INFO    ] backups2datalad.py Asset in dataset, hash not available, and size is unchanged; will not update
2020-10-09T16:28:35-0400 [INFO    ] backups2datalad.py Syncing asset /sub-anm00279338/sub-anm00279338_ses-20170627T094145_ecephys+ogen.nwb
2020-10-09T16:28:35-0400 [WARNING ] backups2datalad.py Asset metadata does not include sha256 hash
2020-10-09T16:28:36-0400 [INFO    ] backups2datalad.py Asset in dataset, hash not available, and size is unchanged; will not update
2020-10-09T16:28:36-0400 [INFO    ] backups2datalad.py Syncing asset /sub-anm00313106/sub-anm00313106_ses-20170627T094148_ecephys+ogen.nwb
2020-10-09T16:28:36-0400 [WARNING ] backups2datalad.py Asset metadata does not include sha256 hash
2020-10-09T16:28:36-0400 [INFO    ] backups2datalad.py Asset in dataset, hash not available, and size is unchanged; will not update
2020-10-09T16:28:36-0400 [INFO    ] backups2datalad.py Syncing asset /sub-anm00313106/sub-anm00313106_ses-20170627T094151_ecephys+ogen.nwb
2020-10-09T16:28:36-0400 [WARNING ] backups2datalad.py Asset metadata does not include sha256 hash
2020-10-09T16:28:36-0400 [INFO    ] backups2datalad.py Asset in dataset, hash not available, and size is unchanged; will not update
2020-10-09T16:28:36-0400 [INFO    ] backups2datalad.py Syncing asset /sub-anm00313106/sub-anm00313106_ses-20170627T094153_ecephys+ogen.nwb
2020-10-09T16:28:36-0400 [WARNING ] backups2datalad.py Asset metadata does not include sha256 hash
2020-10-09T16:28:37-0400 [INFO    ] backups2datalad.py Asset in dataset, hash not available, and size is unchanged; will not update
2020-10-09T16:28:37-0400 [INFO    ] backups2datalad.py Syncing asset /sub-anm00313106/sub-anm00313106_ses-20170627T094159_ecephys+ogen.nwb
2020-10-09T16:28:37-0400 [WARNING ] backups2datalad.py Asset metadata does not include sha256 hash
2020-10-09T16:28:37-0400 [INFO    ] backups2datalad.py Asset in dataset, hash not available, and size is unchanged; will not update
2020-10-09T16:28:37-0400 [INFO    ] backups2datalad.py Syncing asset /sub-anm00313106/sub-anm00313106_ses-20170627T094204_ecephys+ogen.nwb
2020-10-09T16:28:37-0400 [WARNING ] backups2datalad.py Asset metadata does not include sha256 hash
2020-10-09T16:28:37-0400 [INFO    ] backups2datalad.py Asset in dataset, hash not available, and size is unchanged; will not update
2020-10-09T16:28:37-0400 [INFO    ] backups2datalad.py Syncing asset /sub-anm00313111/sub-anm00313111_ses-20170627T094206_ecephys+ogen.nwb
2020-10-09T16:28:37-0400 [WARNING ] backups2datalad.py Asset metadata does not include sha256 hash
2020-10-09T16:28:38-0400 [INFO    ] backups2datalad.py Asset in dataset, hash not available, and size is unchanged; will not update
2020-10-09T16:28:38-0400 [INFO    ] backups2datalad.py Syncing asset /sub-anm00313111/sub-anm00313111_ses-20170627T094208_ecephys+ogen.nwb
2020-10-09T16:28:38-0400 [WARNING ] backups2datalad.py Asset metadata does not include sha256 hash
2020-10-09T16:28:38-0400 [INFO    ] backups2datalad.py Asset in dataset, hash not available, and size is unchanged; will not update
2020-10-09T16:28:38-0400 [INFO    ] backups2datalad.py Syncing asset /sub-anm00313111/sub-anm00313111_ses-20170627T094213_ecephys+ogen.nwb
2020-10-09T16:28:38-0400 [WARNING ] backups2datalad.py Asset metadata does not include sha256 hash
2020-10-09T16:28:38-0400 [INFO    ] backups2datalad.py Asset in dataset, hash not available, and size is unchanged; will not update
2020-10-09T16:28:38-0400 [INFO    ] backups2datalad.py Syncing asset /sub-anm00313111/sub-anm00313111_ses-20170627T094216_ecephys+ogen.nwb
2020-10-09T16:28:38-0400 [WARNING ] backups2datalad.py Asset metadata does not include sha256 hash
2020-10-09T16:28:39-0400 [INFO    ] backups2datalad.py Asset in dataset, hash not available, and size is unchanged; will not update
2020-10-09T16:28:39-0400 [INFO    ] backups2datalad.py Syncing asset /sub-anm00313111/sub-anm00313111_ses-20170627T094219_ecephys+ogen.nwb
2020-10-09T16:28:39-0400 [WARNING ] backups2datalad.py Asset metadata does not include sha256 hash
2020-10-09T16:28:39-0400 [INFO    ] backups2datalad.py Asset in dataset, hash not available, and size is unchanged; will not update
2020-10-09T16:28:39-0400 [INFO    ] backups2datalad.py Syncing asset /sub-anm00313111/sub-anm00313111_ses-20170627T094224_ecephys+ogen.nwb
2020-10-09T16:28:39-0400 [WARNING ] backups2datalad.py Asset metadata does not include sha256 hash
2020-10-09T16:28:39-0400 [INFO    ] backups2datalad.py Asset in dataset, hash not available, and size is unchanged; will not update
2020-10-09T16:28:39-0400 [INFO    ] backups2datalad.py Syncing asset /sub-anm00322805/sub-anm00322805_ses-20170627T094226_ecephys+ogen.nwb
2020-10-09T16:28:39-0400 [WARNING ] backups2datalad.py Asset metadata does not include sha256 hash
2020-10-09T16:28:39-0400 [INFO    ] backups2datalad.py Asset in dataset, hash not available, and size is unchanged; will not update
2020-10-09T16:28:39-0400 [INFO    ] backups2datalad.py Syncing asset /sub-anm00322805/sub-anm00322805_ses-20170627T094229_ecephys+ogen.nwb
2020-10-09T16:28:39-0400 [WARNING ] backups2datalad.py Asset metadata does not include sha256 hash
2020-10-09T16:28:40-0400 [INFO    ] backups2datalad.py Asset in dataset, hash not available, and size is unchanged; will not update
2020-10-09T16:28:40-0400 [INFO    ] backups2datalad.py Syncing asset /sub-anm00322805/sub-anm00322805_ses-20170627T094232_ecephys+ogen.nwb
2020-10-09T16:28:40-0400 [WARNING ] backups2datalad.py Asset metadata does not include sha256 hash
2020-10-09T16:28:40-0400 [INFO    ] backups2datalad.py Asset in dataset, hash not available, and size is unchanged; will not update
2020-10-09T16:28:40-0400 [INFO    ] backups2datalad.py Syncing asset /sub-anm00322805/sub-anm00322805_ses-20170627T094238_ecephys+ogen.nwb
2020-10-09T16:28:40-0400 [WARNING ] backups2datalad.py Asset metadata does not include sha256 hash
2020-10-09T16:28:40-0400 [INFO    ] backups2datalad.py Asset in dataset, hash not available, and size is unchanged; will not update
2020-10-09T16:28:40-0400 [INFO    ] backups2datalad.py Syncing asset /sub-anm00322805/sub-anm00322805_ses-20170627T094241_ecephys+ogen.nwb
2020-10-09T16:28:40-0400 [WARNING ] backups2datalad.py Asset metadata does not include sha256 hash
2020-10-09T16:28:40-0400 [INFO    ] backups2datalad.py Asset in dataset, hash not available, and size is unchanged; will not update
2020-10-09T16:28:40-0400 [INFO    ] backups2datalad.py Syncing asset /sub-anm00322807/sub-anm00322807_ses-20170627T094245_ecephys+ogen.nwb
2020-10-09T16:28:40-0400 [WARNING ] backups2datalad.py Asset metadata does not include sha256 hash
2020-10-09T16:28:41-0400 [INFO    ] backups2datalad.py Asset in dataset, hash not available, and size is unchanged; will not update
2020-10-09T16:28:41-0400 [INFO    ] backups2datalad.py Syncing asset /sub-anm00322807/sub-anm00322807_ses-20170627T094249_ecephys+ogen.nwb
2020-10-09T16:28:41-0400 [WARNING ] backups2datalad.py Asset metadata does not include sha256 hash
2020-10-09T16:28:41-0400 [INFO    ] backups2datalad.py Asset in dataset, hash not available, and size is unchanged; will not update
2020-10-09T16:28:41-0400 [INFO    ] backups2datalad.py Syncing asset /sub-anm00322807/sub-anm00322807_ses-20170627T094251_ecephys+ogen.nwb
2020-10-09T16:28:41-0400 [WARNING ] backups2datalad.py Asset metadata does not include sha256 hash
2020-10-09T16:28:41-0400 [INFO    ] backups2datalad.py Asset in dataset, hash not available, and size is unchanged; will not update
2020-10-09T16:28:41-0400 [INFO    ] backups2datalad.py Syncing asset /sub-anm00322807/sub-anm00322807_ses-20170627T094255_ecephys+ogen.nwb
2020-10-09T16:28:41-0400 [WARNING ] backups2datalad.py Asset metadata does not include sha256 hash
2020-10-09T16:28:42-0400 [INFO    ] backups2datalad.py Asset in dataset, hash not available, and size is unchanged; will not update
2020-10-09T16:28:42-0400 [INFO    ] backups2datalad.py Syncing asset /sub-anm00322807/sub-anm00322807_ses-20170627T094257_ecephys+ogen.nwb
2020-10-09T16:28:42-0400 [WARNING ] backups2datalad.py Asset metadata does not include sha256 hash
2020-10-09T16:28:42-0400 [INFO    ] backups2datalad.py Asset in dataset, hash not available, and size is unchanged; will not update
2020-10-09T16:28:42-0400 [INFO    ] backups2datalad.py Syncing asset /sub-anm00322807/sub-anm00322807_ses-20170627T094303_ecephys+ogen.nwb
2020-10-09T16:28:42-0400 [WARNING ] backups2datalad.py Asset metadata does not include sha256 hash
2020-10-09T16:28:42-0400 [INFO    ] backups2datalad.py Asset in dataset, hash not available, and size is unchanged; will not update
2020-10-09T16:28:42-0400 [INFO    ] backups2datalad.py Syncing asset /sub-anm00322807/sub-anm00322807_ses-20170627T094307_ecephys+ogen.nwb
2020-10-09T16:28:42-0400 [WARNING ] backups2datalad.py Asset metadata does not include sha256 hash
2020-10-09T16:28:42-0400 [INFO    ] backups2datalad.py Asset in dataset, hash not available, and size is unchanged; will not update
2020-10-09T16:28:42-0400 [INFO    ] backups2datalad.py Syncing asset /sub-anm00322807/sub-anm00322807_ses-20170627T094308_ecephys+ogen.nwb
2020-10-09T16:28:42-0400 [WARNING ] backups2datalad.py Asset metadata does not include sha256 hash
2020-10-09T16:28:43-0400 [INFO    ] backups2datalad.py Asset in dataset, hash not available, and size is unchanged; will not update
2020-10-09T16:28:43-0400 [INFO    ] backups2datalad.py Syncing asset /sub-anm00323634/sub-anm00323634_ses-20170627T094311_ecephys+ogen.nwb
2020-10-09T16:28:43-0400 [WARNING ] backups2datalad.py Asset metadata does not include sha256 hash
2020-10-09T16:28:43-0400 [INFO    ] backups2datalad.py Asset in dataset, hash not available, and size is unchanged; will not update
2020-10-09T16:28:43-0400 [INFO    ] backups2datalad.py Syncing asset /sub-anm00323634/sub-anm00323634_ses-20170627T094314_ecephys+ogen.nwb
2020-10-09T16:28:43-0400 [WARNING ] backups2datalad.py Asset metadata does not include sha256 hash
2020-10-09T16:28:43-0400 [INFO    ] backups2datalad.py Asset in dataset, hash not available, and size is unchanged; will not update
2020-10-09T16:28:43-0400 [INFO    ] backups2datalad.py Syncing asset /sub-anm00323634/sub-anm00323634_ses-20170627T094316_ecephys+ogen.nwb
2020-10-09T16:28:43-0400 [WARNING ] backups2datalad.py Asset metadata does not include sha256 hash
2020-10-09T16:28:43-0400 [INFO    ] backups2datalad.py Asset in dataset, hash not available, and size is unchanged; will not update
2020-10-09T16:28:43-0400 [INFO    ] backups2datalad.py Syncing asset /sub-anm00323634/sub-anm00323634_ses-20170627T094318_ecephys+ogen.nwb
2020-10-09T16:28:43-0400 [WARNING ] backups2datalad.py Asset metadata does not include sha256 hash
2020-10-09T16:28:44-0400 [INFO    ] backups2datalad.py Asset in dataset, hash not available, and size is unchanged; will not update
2020-10-09T16:28:44-0400 [INFO    ] backups2datalad.py Syncing asset /sub-anm00323634/sub-anm00323634_ses-20170627T094322_ecephys+ogen.nwb
2020-10-09T16:28:44-0400 [WARNING ] backups2datalad.py Asset metadata does not include sha256 hash
2020-10-09T16:28:44-0400 [INFO    ] backups2datalad.py Asset in dataset, hash not available, and size is unchanged; will not update
2020-10-09T16:28:44-0400 [INFO    ] backups2datalad.py Syncing asset /sub-anm300476/sub-anm300476_ses-20170520T182859_behavior+icephys+ogen.nwb
2020-10-09T16:28:44-0400 [WARNING ] backups2datalad.py Asset metadata does not include sha256 hash
2020-10-09T16:28:44-0400 [INFO    ] backups2datalad.py Asset in dataset, hash not available, and size is unchanged; will not update
2020-10-09T16:28:44-0400 [INFO    ] backups2datalad.py Syncing asset /sub-anm300476/sub-anm300476_ses-20170520T183518_behavior+icephys+ogen.nwb
2020-10-09T16:28:44-0400 [WARNING ] backups2datalad.py Asset metadata does not include sha256 hash
2020-10-09T16:28:45-0400 [INFO    ] backups2datalad.py Asset in dataset, hash not available, and size is unchanged; will not update
2020-10-09T16:28:45-0400 [INFO    ] backups2datalad.py Syncing asset /sub-anm300476/sub-anm300476_ses-20170520T184255_behavior+icephys+ogen.nwb
2020-10-09T16:28:45-0400 [WARNING ] backups2datalad.py Asset metadata does not include sha256 hash
2020-10-09T16:28:45-0400 [INFO    ] backups2datalad.py Asset in dataset, hash not available, and size is unchanged; will not update
2020-10-09T16:28:45-0400 [INFO    ] backups2datalad.py Syncing asset /sub-anm300476/sub-anm300476_ses-20170520T184357_behavior+icephys+ogen.nwb
2020-10-09T16:28:45-0400 [WARNING ] backups2datalad.py Asset metadata does not include sha256 hash
2020-10-09T16:28:45-0400 [INFO    ] backups2datalad.py Asset in dataset, hash not available, and size is unchanged; will not update
2020-10-09T16:28:45-0400 [INFO    ] backups2datalad.py Syncing asset /sub-anm300476/sub-anm300476_ses-20170520T184445_behavior+icephys+ogen.nwb
2020-10-09T16:28:45-0400 [WARNING ] backups2datalad.py Asset metadata does not include sha256 hash
2020-10-09T16:28:46-0400 [INFO    ] backups2datalad.py Asset in dataset, hash not available, and size is unchanged; will not update
2020-10-09T16:28:46-0400 [INFO    ] backups2datalad.py Syncing asset /sub-anm300476/sub-anm300476_ses-20170520T184727_behavior+icephys+ogen.nwb
2020-10-09T16:28:46-0400 [WARNING ] backups2datalad.py Asset metadata does not include sha256 hash
2020-10-09T16:28:46-0400 [INFO    ] backups2datalad.py Asset in dataset, hash not available, and size is unchanged; will not update
2020-10-09T16:28:46-0400 [INFO    ] backups2datalad.py Syncing asset /sub-anm322808/sub-anm322808_ses-20170520T192529_behavior+icephys+ogen.nwb
2020-10-09T16:28:46-0400 [WARNING ] backups2datalad.py Asset metadata does not include sha256 hash
2020-10-09T16:28:46-0400 [INFO    ] backups2datalad.py Asset in dataset, hash not available, and size is unchanged; will not update
2020-10-09T16:28:46-0400 [INFO    ] backups2datalad.py Syncing asset /sub-anm322808/sub-anm322808_ses-20170520T192714_behavior+icephys+ogen.nwb
2020-10-09T16:28:46-0400 [WARNING ] backups2datalad.py Asset metadata does not include sha256 hash
2020-10-09T16:28:47-0400 [INFO    ] backups2datalad.py Asset in dataset, hash not available, and size is unchanged; will not update
2020-10-09T16:28:47-0400 [INFO    ] backups2datalad.py Syncing asset /sub-anm322808/sub-anm322808_ses-20170520T192910_behavior+icephys+ogen.nwb
2020-10-09T16:28:47-0400 [WARNING ] backups2datalad.py Asset metadata does not include sha256 hash
2020-10-09T16:28:47-0400 [INFO    ] backups2datalad.py Asset in dataset, hash not available, and size is unchanged; will not update
2020-10-09T16:28:47-0400 [INFO    ] backups2datalad.py Syncing asset /sub-anm322808/sub-anm322808_ses-20170520T193012_behavior+icephys+ogen.nwb
2020-10-09T16:28:47-0400 [WARNING ] backups2datalad.py Asset metadata does not include sha256 hash
2020-10-09T16:28:47-0400 [INFO    ] backups2datalad.py Asset in dataset, hash not available, and size is unchanged; will not update
2020-10-09T16:28:47-0400 [INFO    ] backups2datalad.py Syncing asset /sub-anm322808/sub-anm322808_ses-20170520T193115_behavior+icephys+ogen.nwb
2020-10-09T16:28:47-0400 [WARNING ] backups2datalad.py Asset metadata does not include sha256 hash
2020-10-09T16:28:48-0400 [INFO    ] backups2datalad.py Asset in dataset, hash not available, and size is unchanged; will not update
2020-10-09T16:28:48-0400 [INFO    ] backups2datalad.py Syncing asset /sub-anm322808/sub-anm322808_ses-20170520T193233_behavior+icephys+ogen.nwb
2020-10-09T16:28:48-0400 [WARNING ] backups2datalad.py Asset metadata does not include sha256 hash
2020-10-09T16:28:48-0400 [INFO    ] backups2datalad.py Asset in dataset, hash not available, and size is unchanged; will not update
2020-10-09T16:28:48-0400 [INFO    ] backups2datalad.py Syncing asset /sub-anm323951/sub-anm323951_ses-20170520T185157_behavior+icephys+ogen.nwb
2020-10-09T16:28:48-0400 [WARNING ] backups2datalad.py Asset metadata does not include sha256 hash
2020-10-09T16:28:48-0400 [INFO    ] backups2datalad.py Asset in dataset, hash not available, and size is unchanged; will not update
2020-10-09T16:28:48-0400 [INFO    ] backups2datalad.py Syncing asset /sub-anm323951/sub-anm323951_ses-20170520T185302_behavior+icephys+ogen.nwb
2020-10-09T16:28:48-0400 [WARNING ] backups2datalad.py Asset metadata does not include sha256 hash
2020-10-09T16:28:48-0400 [INFO    ] backups2datalad.py Asset in dataset, hash not available, and size is unchanged; will not update
2020-10-09T16:28:48-0400 [INFO    ] backups2datalad.py Syncing asset /sub-anm323951/sub-anm323951_ses-20170520T185417_behavior+icephys+ogen.nwb
2020-10-09T16:28:48-0400 [WARNING ] backups2datalad.py Asset metadata does not include sha256 hash
2020-10-09T16:28:49-0400 [INFO    ] backups2datalad.py Asset in dataset, hash not available, and size is unchanged; will not update
2020-10-09T16:28:49-0400 [INFO    ] backups2datalad.py Syncing asset /sub-anm323951/sub-anm323951_ses-20170520T190909_behavior+icephys+ogen.nwb
2020-10-09T16:28:49-0400 [WARNING ] backups2datalad.py Asset metadata does not include sha256 hash
2020-10-09T16:28:49-0400 [INFO    ] backups2datalad.py Asset in dataset, hash not available, and size is unchanged; will not update
2020-10-09T16:28:49-0400 [INFO    ] backups2datalad.py Syncing asset /sub-anm323951/sub-anm323951_ses-20170520T191036_behavior+icephys+ogen.nwb
2020-10-09T16:28:49-0400 [WARNING ] backups2datalad.py Asset metadata does not include sha256 hash
2020-10-09T16:28:49-0400 [INFO    ] backups2datalad.py Asset in dataset, hash not available, and size is unchanged; will not update
2020-10-09T16:28:49-0400 [INFO    ] backups2datalad.py Syncing asset /sub-anm323952/sub-anm323952_ses-20170520T184934_behavior+icephys+ogen.nwb
2020-10-09T16:28:49-0400 [WARNING ] backups2datalad.py Asset metadata does not include sha256 hash
2020-10-09T16:28:50-0400 [INFO    ] backups2datalad.py Asset in dataset, hash not available, and size is unchanged; will not update
2020-10-09T16:28:50-0400 [INFO    ] backups2datalad.py Syncing asset /sub-anm323952/sub-anm323952_ses-20170520T190713_behavior+icephys+ogen.nwb
2020-10-09T16:28:50-0400 [WARNING ] backups2datalad.py Asset metadata does not include sha256 hash
2020-10-09T16:28:50-0400 [INFO    ] backups2datalad.py Asset in dataset, hash not available, and size is unchanged; will not update
2020-10-09T16:28:50-0400 [INFO    ] backups2datalad.py Syncing asset /sub-anm323952/sub-anm323952_ses-20170520T190810_behavior+icephys+ogen.nwb
2020-10-09T16:28:50-0400 [WARNING ] backups2datalad.py Asset metadata does not include sha256 hash
2020-10-09T16:28:50-0400 [INFO    ] backups2datalad.py Asset in dataset, hash not available, and size is unchanged; will not update
2020-10-09T16:28:50-0400 [INFO    ] backups2datalad.py Syncing asset /sub-anm323953/sub-anm323953_ses-20170520T184837_behavior+icephys+ogen.nwb
2020-10-09T16:28:50-0400 [WARNING ] backups2datalad.py Asset metadata does not include sha256 hash
2020-10-09T16:28:51-0400 [INFO    ] backups2datalad.py Asset in dataset, hash not available, and size is unchanged; will not update
2020-10-09T16:28:51-0400 [INFO    ] backups2datalad.py Syncing asset /sub-anm323953/sub-anm323953_ses-20170520T185647_behavior+icephys+ogen.nwb
2020-10-09T16:28:51-0400 [WARNING ] backups2datalad.py Asset metadata does not include sha256 hash
2020-10-09T16:28:51-0400 [INFO    ] backups2datalad.py Asset in dataset, hash not available, and size is unchanged; will not update
2020-10-09T16:28:51-0400 [INFO    ] backups2datalad.py Syncing asset /sub-anm323953/sub-anm323953_ses-20170520T190049_behavior+icephys+ogen.nwb
2020-10-09T16:28:51-0400 [WARNING ] backups2datalad.py Asset metadata does not include sha256 hash
2020-10-09T16:28:51-0400 [INFO    ] backups2datalad.py Asset in dataset, hash not available, and size is unchanged; will not update
2020-10-09T16:28:51-0400 [INFO    ] backups2datalad.py Syncing asset /sub-anm323953/sub-anm323953_ses-20170520T190247_behavior+icephys+ogen.nwb
2020-10-09T16:28:51-0400 [WARNING ] backups2datalad.py Asset metadata does not include sha256 hash
2020-10-09T16:28:51-0400 [INFO    ] backups2datalad.py Asset in dataset, hash not available, and size is unchanged; will not update
2020-10-09T16:28:51-0400 [INFO    ] backups2datalad.py Syncing asset /sub-anm323953/sub-anm323953_ses-20170520T190350_behavior+icephys+ogen.nwb
2020-10-09T16:28:51-0400 [WARNING ] backups2datalad.py Asset metadata does not include sha256 hash
2020-10-09T16:28:52-0400 [INFO    ] backups2datalad.py Asset in dataset, hash not available, and size is unchanged; will not update
2020-10-09T16:28:52-0400 [INFO    ] backups2datalad.py Syncing asset /sub-anm323953/sub-anm323953_ses-20170520T190618_behavior+icephys+ogen.nwb
2020-10-09T16:28:52-0400 [WARNING ] backups2datalad.py Asset metadata does not include sha256 hash
2020-10-09T16:28:52-0400 [INFO    ] backups2datalad.py Asset in dataset, hash not available, and size is unchanged; will not update
2020-10-09T16:28:52-0400 [INFO    ] backups2datalad.py Syncing asset /sub-anm324791/sub-anm324791_ses-20170520T191239_behavior+icephys+ogen.nwb
2020-10-09T16:28:52-0400 [WARNING ] backups2datalad.py Asset metadata does not include sha256 hash
2020-10-09T16:28:52-0400 [INFO    ] backups2datalad.py Asset in dataset, hash not available, and size is unchanged; will not update
2020-10-09T16:28:52-0400 [INFO    ] backups2datalad.py Syncing asset /sub-anm324791/sub-anm324791_ses-20170520T191415_behavior+icephys+ogen.nwb
2020-10-09T16:28:52-0400 [WARNING ] backups2datalad.py Asset metadata does not include sha256 hash
2020-10-09T16:28:53-0400 [INFO    ] backups2datalad.py Asset in dataset, hash not available, and size is unchanged; will not update
2020-10-09T16:28:53-0400 [INFO    ] backups2datalad.py Syncing asset /sub-anm324791/sub-anm324791_ses-20170520T191500_behavior+icephys+ogen.nwb
2020-10-09T16:28:53-0400 [WARNING ] backups2datalad.py Asset metadata does not include sha256 hash
2020-10-09T16:28:53-0400 [INFO    ] backups2datalad.py Asset in dataset, hash not available, and size is unchanged; will not update
2020-10-09T16:28:53-0400 [INFO    ] backups2datalad.py Syncing asset /sub-anm324791/sub-anm324791_ses-20170520T191805_behavior+icephys+ogen.nwb
2020-10-09T16:28:53-0400 [WARNING ] backups2datalad.py Asset metadata does not include sha256 hash
2020-10-09T16:28:53-0400 [INFO    ] backups2datalad.py Asset in dataset, hash not available, and size is unchanged; will not update
2020-10-09T16:28:53-0400 [INFO    ] backups2datalad.py Syncing asset /sub-anm324791/sub-anm324791_ses-20170520T192113_behavior+icephys+ogen.nwb
2020-10-09T16:28:53-0400 [WARNING ] backups2datalad.py Asset metadata does not include sha256 hash
2020-10-09T16:28:54-0400 [INFO    ] backups2datalad.py Asset in dataset, hash not available, and size is unchanged; will not update
2020-10-09T16:28:54-0400 [INFO    ] backups2datalad.py Syncing asset /sub-anm324791/sub-anm324791_ses-20170520T192447_behavior+icephys+ogen.nwb
2020-10-09T16:28:54-0400 [WARNING ] backups2datalad.py Asset metadata does not include sha256 hash
2020-10-09T16:28:54-0400 [INFO    ] backups2datalad.py Asset in dataset, hash not available, and size is unchanged; will not update
2020-10-09T16:28:54-0400 [INFO    ] backups2datalad.py Syncing asset /sub-anm324792/sub-anm324792_ses-20170520T193436_behavior+icephys+ogen.nwb
2020-10-09T16:28:54-0400 [WARNING ] backups2datalad.py Asset metadata does not include sha256 hash
2020-10-09T16:28:54-0400 [INFO    ] backups2datalad.py Asset in dataset, hash not available, and size is unchanged; will not update
2020-10-09T16:28:54-0400 [INFO    ] backups2datalad.py Syncing asset /sub-anm324792/sub-anm324792_ses-20170520T193555_behavior+icephys+ogen.nwb
2020-10-09T16:28:54-0400 [WARNING ] backups2datalad.py Asset metadata does not include sha256 hash
2020-10-09T16:28:55-0400 [INFO    ] backups2datalad.py Asset in dataset, hash not available, and size is unchanged; will not update
2020-10-09T16:28:55-0400 [INFO    ] backups2datalad.py Syncing asset /sub-anm324792/sub-anm324792_ses-20170520T193731_behavior+icephys+ogen.nwb
2020-10-09T16:28:55-0400 [WARNING ] backups2datalad.py Asset metadata does not include sha256 hash
2020-10-09T16:28:55-0400 [INFO    ] backups2datalad.py Asset in dataset, hash not available, and size is unchanged; will not update
2020-10-09T16:28:55-0400 [INFO    ] backups2datalad.py Syncing asset /sub-anm324792/sub-anm324792_ses-20170520T193909_behavior+icephys+ogen.nwb
2020-10-09T16:28:55-0400 [WARNING ] backups2datalad.py Asset metadata does not include sha256 hash
2020-10-09T16:28:55-0400 [INFO    ] backups2datalad.py Asset in dataset, hash not available, and size is unchanged; will not update
2020-10-09T16:28:55-0400 [INFO    ] backups2datalad.py Commiting changes
2020-10-09T16:28:56-0400 [INFO    ] backups2datalad.py Creating GitHub sibling for 000009
2020-10-09T16:28:56-0400 [INFO    ] backups2datalad.py Pushing to sibling
2020-10-09T16:28:56-0400 [INFO    ] datalad.core.distributed.push Determine push target
2020-10-09T16:28:56-0400 [INFO    ] datalad.core.distributed.push Push refspecs
2020-10-09T16:28:56-0400 [INFO    ] datalad.core.distributed.push Transfer data
2020-10-09T16:28:56-0400 [INFO    ] datalad.core.distributed.push Update availability information
2020-10-09T16:28:57-0400 [INFO    ] datalad.gitrepo Start enumerating objects
2020-10-09T16:28:57-0400 [INFO    ] datalad.gitrepo Finished enumerating objects
2020-10-09T16:28:57-0400 [INFO    ] datalad.gitrepo Start counting objects
2020-10-09T16:28:57-0400 [INFO    ] datalad.gitrepo Counting objects:   9% (1/11)
2020-10-09T16:28:57-0400 [INFO    ] datalad.gitrepo Counting objects:  18% (2/11)
2020-10-09T16:28:57-0400 [INFO    ] datalad.gitrepo Counting objects:  27% (3/11)
2020-10-09T16:28:57-0400 [INFO    ] datalad.gitrepo Counting objects:  36% (4/11)
2020-10-09T16:28:57-0400 [INFO    ] datalad.gitrepo Counting objects:  45% (5/11)
2020-10-09T16:28:57-0400 [INFO    ] datalad.gitrepo Counting objects:  54% (6/11)
2020-10-09T16:28:57-0400 [INFO    ] datalad.gitrepo Counting objects:  63% (7/11)
2020-10-09T16:28:57-0400 [INFO    ] datalad.gitrepo Counting objects:  72% (8/11)
2020-10-09T16:28:57-0400 [INFO    ] datalad.gitrepo Counting objects:  81% (9/11)
2020-10-09T16:28:57-0400 [INFO    ] datalad.gitrepo Counting objects:  90% (10/11)
2020-10-09T16:28:57-0400 [INFO    ] datalad.gitrepo Counting objects: 100% (11/11)
2020-10-09T16:28:57-0400 [INFO    ] datalad.gitrepo Counting objects: 100% (11/11), done.
2020-10-09T16:28:57-0400 [INFO    ] datalad.gitrepo Finished counting objects
2020-10-09T16:28:57-0400 [INFO    ] datalad.gitrepo Start compressing objects
2020-10-09T16:28:57-0400 [INFO    ] datalad.gitrepo Compressing objects:  14% (1/7)
2020-10-09T16:28:57-0400 [INFO    ] datalad.gitrepo Compressing objects:  28% (2/7)
2020-10-09T16:28:57-0400 [INFO    ] datalad.gitrepo Compressing objects:  42% (3/7)
2020-10-09T16:28:57-0400 [INFO    ] datalad.gitrepo Compressing objects:  57% (4/7)
2020-10-09T16:28:57-0400 [INFO    ] datalad.gitrepo Compressing objects:  71% (5/7)
2020-10-09T16:28:57-0400 [INFO    ] datalad.gitrepo Compressing objects:  85% (6/7)
2020-10-09T16:28:57-0400 [INFO    ] datalad.gitrepo Compressing objects: 100% (7/7)
2020-10-09T16:28:57-0400 [INFO    ] datalad.gitrepo Compressing objects: 100% (7/7), done.
2020-10-09T16:28:57-0400 [INFO    ] datalad.gitrepo Finished compressing objects
2020-10-09T16:28:57-0400 [INFO    ] datalad.gitrepo Start writing objects
2020-10-09T16:28:57-0400 [INFO    ] datalad.gitrepo Writing objects:  14% (1/7)
2020-10-09T16:28:57-0400 [INFO    ] datalad.gitrepo Writing objects:  28% (2/7)
2020-10-09T16:28:57-0400 [INFO    ] datalad.gitrepo Writing objects:  42% (3/7)
2020-10-09T16:28:57-0400 [INFO    ] datalad.gitrepo Writing objects:  57% (4/7)
2020-10-09T16:28:57-0400 [INFO    ] datalad.gitrepo Writing objects:  71% (5/7)
2020-10-09T16:28:57-0400 [INFO    ] datalad.gitrepo Writing objects:  85% (6/7)
2020-10-09T16:28:57-0400 [INFO    ] datalad.gitrepo Writing objects: 100% (7/7)
2020-10-09T16:28:57-0400 [INFO    ] datalad.gitrepo Writing objects: 100% (7/7), 3.71 KiB | 951.00 KiB/s, done.
2020-10-09T16:28:57-0400 [INFO    ] datalad.gitrepo Finished writing objects
2020-10-09T16:28:57-0400 [INFO    ] datalad.gitrepo Start resolving deltas
2020-10-09T16:28:57-0400 [INFO    ] datalad.gitrepo remote: Resolving deltas:   0% (0/3)
2020-10-09T16:28:57-0400 [INFO    ] datalad.gitrepo remote: Resolving deltas:  33% (1/3)
2020-10-09T16:28:57-0400 [INFO    ] datalad.gitrepo remote: Resolving deltas: 100% (3/3)
2020-10-09T16:28:57-0400 [INFO    ] datalad.gitrepo remote: Resolving deltas: 100% (3/3), completed with 2 local objects.
2020-10-09T16:29:00-0400 [INFO    ] datalad.gitrepo Finished
2020-10-09T16:29:00-0400 [INFO    ] datalad.core.distributed.push Finished push of Dataset(/mnt/backup/dandi/dandiarchive-replica/000009)
